Unity Editor version:    2020.3.26f1 (7298b473bc1a)
Branch:                  2020.3/staging
Build type:              Release
Batch mode:              YES
macOS version:           Version 11.5.2 (Build 20G95)
Darwin version:          20.6.0
Architecture:            x86_64
Running under Rosetta:   NO
Available memory:        8192 MB
Using pre-set license
Pro License: NO

COMMAND LINE ARGUMENTS:
/Applications/Unity/Hub/Editor/2020.3.26f1/Unity.app/Contents/MacOS/Unity
-adb2
-batchMode
-noUpm
-name
AssetImportWorker0
-projectPath
/Users/ariannacabebe/Developer/capstone/WorkLifeBalance
-logFile
Logs/AssetImportWorker0.log
-srvPort
55878
Successfully changed project path to: /Users/ariannacabebe/Developer/capstone/WorkLifeBalance
/Users/ariannacabebe/Developer/capstone/WorkLifeBalance
Using Asset Import Pipeline V2.
Refreshing native plugins compatible for Editor in 95.69 ms, found 3 plugins.
Preloading 0 native plugins for Editor in 0.00 ms.
Initialize engine version: 2020.3.26f1 (7298b473bc1a)
[Subsystems] Discovering subsystems at path /Applications/Unity/Hub/Editor/2020.3.26f1/Unity.app/Contents/Resources/UnitySubsystems
[Subsystems] Discovering subsystems at path /Users/ariannacabebe/Developer/capstone/WorkLifeBalance/Assets
GfxDevice: creating device client; threaded=0
2022-02-14 19:12:36.077 Unity[19733:4198201] Color LCD preferred device: Intel(R) Iris(TM) Graphics 6000 (low power)
2022-02-14 19:12:36.078 Unity[19733:4198201] Metal devices available: 1
2022-02-14 19:12:36.078 Unity[19733:4198201] 0: Intel(R) Iris(TM) Graphics 6000 (low power)
2022-02-14 19:12:36.078 Unity[19733:4198201] Using device Intel(R) Iris(TM) Graphics 6000 (low power)
Initializing Metal device caps: Intel(R) Iris(TM) Graphics 6000
Initialize mono
Mono path[0] = '/Applications/Unity/Hub/Editor/2020.3.26f1/Unity.app/Contents/Managed'
Mono path[1] = '/Applications/Unity/Hub/Editor/2020.3.26f1/Unity.app/Contents/MonoBleedingEdge/lib/mono/unityjit'
Mono config path = '/Applications/Unity/Hub/Editor/2020.3.26f1/Unity.app/Contents/MonoBleedingEdge/etc'
Using monoOptions --debugger-agent=transport=dt_socket,embedding=1,server=y,suspend=n,address=127.0.0.1:56733
Begin MonoManager ReloadAssembly
Registering precompiled unity dll's ...
Register platform support module: /Applications/Unity/Hub/Editor/2020.3.26f1/PlaybackEngines/WebGLSupport/UnityEditor.WebGL.Extensions.dll
Register platform support module: /Applications/Unity/Hub/Editor/2020.3.26f1/Unity.app/Contents/PlaybackEngines/MacStandaloneSupport/UnityEditor.OSXStandalone.Extensions.dll
Registered in 0.006173 seconds.
Native extension for OSXStandalone target not found
Native extension for WebGL target not found
Refreshing native plugins compatible for Editor in 63.59 ms, found 3 plugins.
Preloading 0 native plugins for Editor in 0.00 ms.
Mono: successfully reloaded assembly
- Completed reload, in  1.090 seconds
Domain Reload Profiling:
	ReloadAssembly (1091ms)
		BeginReloadAssembly (82ms)
			ExecutionOrderSort (0ms)
			DisableScriptedObjects (0ms)
			BackupInstance (0ms)
			ReleaseScriptingObjects (0ms)
			CreateAndSetChildDomain (1ms)
		EndReloadAssembly (855ms)
			LoadAssemblies (90ms)
			RebuildTransferFunctionScriptingTraits (0ms)
			SetupTypeCache (317ms)
			ReleaseScriptCaches (0ms)
			RebuildScriptCaches (68ms)
			SetupLoadedEditorAssemblies (312ms)
				LogAssemblyErrors (0ms)
				InitializePlatformSupportModulesInManaged (10ms)
				SetLoadedEditorAssemblies (1ms)
				RefreshPlugins (64ms)
				BeforeProcessingInitializeOnLoad (15ms)
				ProcessInitializeOnLoadAttributes (171ms)
				ProcessInitializeOnLoadMethodAttributes (51ms)
				AfterProcessingInitializeOnLoad (0ms)
				EditorAssembliesLoaded (0ms)
			ExecutionOrderSort2 (0ms)
			AwakeInstancesAfterBackupRestoration (0ms)
Platform modules already initialized, skipping
Registering precompiled user dll's ...
Registered in 0.014357 seconds.
Begin MonoManager ReloadAssembly
Native extension for OSXStandalone target not found
Native extension for WebGL target not found
Refreshing native plugins compatible for Editor in 73.43 ms, found 3 plugins.
Preloading 0 native plugins for Editor in 0.00 ms.
Mono: successfully reloaded assembly
- Completed reload, in  2.206 seconds
Domain Reload Profiling:
	ReloadAssembly (2209ms)
		BeginReloadAssembly (292ms)
			ExecutionOrderSort (0ms)
			DisableScriptedObjects (10ms)
			BackupInstance (0ms)
			ReleaseScriptingObjects (0ms)
			CreateAndSetChildDomain (59ms)
		EndReloadAssembly (1798ms)
			LoadAssemblies (246ms)
			RebuildTransferFunctionScriptingTraits (0ms)
			SetupTypeCache (602ms)
			ReleaseScriptCaches (1ms)
			RebuildScriptCaches (120ms)
			SetupLoadedEditorAssemblies (598ms)
				LogAssemblyErrors (0ms)
				InitializePlatformSupportModulesInManaged (10ms)
				SetLoadedEditorAssemblies (0ms)
				RefreshPlugins (74ms)
				BeforeProcessingInitializeOnLoad (119ms)
				ProcessInitializeOnLoadAttributes (366ms)
				ProcessInitializeOnLoadMethodAttributes (27ms)
				AfterProcessingInitializeOnLoad (2ms)
				EditorAssembliesLoaded (0ms)
			ExecutionOrderSort2 (0ms)
			AwakeInstancesAfterBackupRestoration (10ms)
Platform modules already initialized, skipping
Validating Project structure ... 0.005117 seconds.
Shader import version has changed; will reimport all shaders...
Upgrading shader files ...0.048932 seconds.
Application.AssetDatabase Initial Script Refresh Start
RefreshInfo: InitialScriptRefreshV2(NoUpdateAssetOptions) scanfilter:  ... 1 filters
RefreshProfiler: Total: 0.000ms
Application.AssetDatabase Initial Script Refresh End
Application.AssetDatabase.Refresh Start
Application.AssetDatabase.Refresh End
RefreshInfo: StopAssetImportingV2(ForceSynchronousImport) scanfilter: 
RefreshProfiler: Total: 0.000ms
Launching external process: /Applications/Unity/Hub/Editor/2020.3.26f1/Unity.app/Contents/Tools/UnityShaderCompiler
Launched and connected shader compiler UnityShaderCompiler after 0.03 seconds
Initializing Unity extensions:
========================================================================
Worker process is ready to serve import requests
Refreshing native plugins compatible for Editor in 0.55 ms, found 3 plugins.
Preloading 0 native plugins for Editor in 0.00 ms.
Unloading 2254 Unused Serialized files (Serialized files now loaded: 0)
System memory in use before: 198.5 MB.
System memory in use after: 197.8 MB.

Unloading 142 unused Assets to reduce memory usage. Loaded Objects now: 2727.
Total: 4.843249 ms (FindLiveObjects: 0.242464 ms CreateObjectMapping: 0.109954 ms MarkObjects: 3.831887 ms  DeleteObjects: 0.657748 ms)

AssetImportParameters requested are different than current active one (requested -> active):
  custom:video-decoder-ogg-theora: a1e56fd34408186e4bbccfd4996cb3dc -> 
  custom:container-muxer-webm: aa71ff27fc2769a1b78a27578f13a17b -> 
  custom:container-demuxer-webm: 4f35f7cbe854078d1ac9338744f61a02 -> 
  custom:container-demuxer-ogg: 62fdf1f143b41e24485cea50d1cbac27 -> 
  custom:video-encoder-webm-vp8: eb34c28f22e8b96e1ab97ce403110664 -> 
  custom:framework-osx-AVFoundation: e770b220cccbd017edd2c1fefb359320 -> 
  custom:video-decoder-webm-vp8: 9c59270c3fd7afecdb556c50c9e8de78 -> 
  custom:audio-decoder-ogg-vorbis: bf7c407c2cedff20999df2af8eb42d56 -> 
  custom:audio-encoder-webm-vorbis: bf7c407c2cedff20999df2af8eb42d56 -> 
========================================================================
Received Import Request.
  path: Assets/Cyberleaf Music - The 8-bit Jukebox Lite/OfGodsAndPhilosophers.wav
  artifactKey: Guid(3ae6e03c962bd4391a7acebf039583f0) Importer(815301076,1909f56bfc062723c751e8b465ee728b)
Start importing Assets/Cyberleaf Music - The 8-bit Jukebox Lite/OfGodsAndPhilosophers.wav using Guid(3ae6e03c962bd4391a7acebf039583f0) Importer(815301076,1909f56bfc062723c751e8b465ee728b)  -> (artifact id: '5a74940359717fb14950f56f5c49b6b2') in 1.793177 seconds 
  Import took 1.806269 seconds .

========================================================================
Received Import Request.
  Time since last request: 0.000414 seconds.
  path: Assets/Cyberleaf Music - The 8-bit Jukebox Lite/Don'tFallOffTheClouds.wav
  artifactKey: Guid(6fec1bace64ea4a9892b73948c502b31) Importer(815301076,1909f56bfc062723c751e8b465ee728b)
Start importing Assets/Cyberleaf Music - The 8-bit Jukebox Lite/Don'tFallOffTheClouds.wav using Guid(6fec1bace64ea4a9892b73948c502b31) Importer(815301076,1909f56bfc062723c751e8b465ee728b)  -> (artifact id: '842152811f8e384f4c02d7796ae20752') in 0.017091 seconds 
  Import took 0.023475 seconds .

========================================================================
Received Import Request.
  Time since last request: 0.000360 seconds.
  path: Assets/Cyberleaf Music - The 8-bit Jukebox Lite/DeepInTheCavesBelow.wav
  artifactKey: Guid(422c71048cf3a4b1d842bf06b13a0d50) Importer(815301076,1909f56bfc062723c751e8b465ee728b)
Start importing Assets/Cyberleaf Music - The 8-bit Jukebox Lite/DeepInTheCavesBelow.wav using Guid(422c71048cf3a4b1d842bf06b13a0d50) Importer(815301076,1909f56bfc062723c751e8b465ee728b)  -> (artifact id: 'b44b87b98195dc68982827b7aa629142') in 0.019518 seconds 
  Import took 0.027193 seconds .

========================================================================
Received Import Request.
  Time since last request: 0.000400 seconds.
  path: Assets/Cyberleaf Music - The 8-bit Jukebox Lite/InALandFarFarAway.wav
  artifactKey: Guid(5febda2db58c84a4c830ac8cf62896cc) Importer(815301076,1909f56bfc062723c751e8b465ee728b)
Start importing Assets/Cyberleaf Music - The 8-bit Jukebox Lite/InALandFarFarAway.wav using Guid(5febda2db58c84a4c830ac8cf62896cc) Importer(815301076,1909f56bfc062723c751e8b465ee728b)  -> (artifact id: 'b5528a91ed87da49e18e9e8ad853ed35') in 0.017665 seconds 
  Import took 0.025384 seconds .

========================================================================
Received Import Request.
  Time since last request: 0.000379 seconds.
  path: Assets/Cyberleaf Music - The 8-bit Jukebox Lite/PyramidsPyramids.wav
  artifactKey: Guid(bc8b597659d0d4c129652fc222c2324c) Importer(815301076,1909f56bfc062723c751e8b465ee728b)
Start importing Assets/Cyberleaf Music - The 8-bit Jukebox Lite/PyramidsPyramids.wav using Guid(bc8b597659d0d4c129652fc222c2324c) Importer(815301076,1909f56bfc062723c751e8b465ee728b)  -> (artifact id: '990b6445e379161f07fb575055b47500') in 0.016104 seconds 
  Import took 0.024212 seconds .

========================================================================
Received Import Request.
  Time since last request: 0.000389 seconds.
  path: Assets/Cyberleaf Music - The 8-bit Jukebox Lite/LittleHauntedMansion.wav
  artifactKey: Guid(48a37e69c6e11404695e61516a076193) Importer(815301076,1909f56bfc062723c751e8b465ee728b)
Start importing Assets/Cyberleaf Music - The 8-bit Jukebox Lite/LittleHauntedMansion.wav using Guid(48a37e69c6e11404695e61516a076193) Importer(815301076,1909f56bfc062723c751e8b465ee728b)  -> (artifact id: 'c7654cada601d3399f5035b39fdf042b') in 0.016251 seconds 
  Import took 0.023027 seconds .

========================================================================
Received Import Request.
  Time since last request: 0.000720 seconds.
  path: Assets/Cyberleaf Music - The 8-bit Jukebox Lite/YetAnotherJourney.wav
  artifactKey: Guid(e023b1165d71b4edb94fca9b8106ebc1) Importer(815301076,1909f56bfc062723c751e8b465ee728b)
Start importing Assets/Cyberleaf Music - The 8-bit Jukebox Lite/YetAnotherJourney.wav using Guid(e023b1165d71b4edb94fca9b8106ebc1) Importer(815301076,1909f56bfc062723c751e8b465ee728b)  -> (artifact id: 'aa0346200dfb8f7bde8ec2b848125354') in 0.016794 seconds 
  Import took 0.022288 seconds .

========================================================================
Received Import Request.
  Time since last request: 0.000429 seconds.
  path: Assets/Cyberleaf Music - The 8-bit Jukebox Lite/WakingTheDemons.wav
  artifactKey: Guid(847b59bc0c490456a95f9c5a9c59b14b) Importer(815301076,1909f56bfc062723c751e8b465ee728b)
Start importing Assets/Cyberleaf Music - The 8-bit Jukebox Lite/WakingTheDemons.wav using Guid(847b59bc0c490456a95f9c5a9c59b14b) Importer(815301076,1909f56bfc062723c751e8b465ee728b)  -> (artifact id: 'e1c1bceb5630d238c1b444e63cce7228') in 0.015578 seconds 
  Import took 0.022007 seconds .

========================================================================
Received Import Request.
  Time since last request: 0.000465 seconds.
  path: Assets/Cyberleaf Music - The 8-bit Jukebox Lite/TheSpaceIsFullOf$tars.wav
  artifactKey: Guid(c0ba79ddfcb0f4ee2987f8fc65db873b) Importer(815301076,1909f56bfc062723c751e8b465ee728b)
Start importing Assets/Cyberleaf Music - The 8-bit Jukebox Lite/TheSpaceIsFullOf$tars.wav using Guid(c0ba79ddfcb0f4ee2987f8fc65db873b) Importer(815301076,1909f56bfc062723c751e8b465ee728b)  -> (artifact id: '30bca53e1ef81c6866a6c890a4ceef30') in 0.017256 seconds 
  Import took 0.024955 seconds .

========================================================================
Received Import Request.
  Time since last request: 0.000423 seconds.
  path: Assets/Cyberleaf Music - The 8-bit Jukebox Lite/FightForYourLives.wav
  artifactKey: Guid(aff07b1e9489f43388b5344402878dbc) Importer(815301076,1909f56bfc062723c751e8b465ee728b)
Start importing Assets/Cyberleaf Music - The 8-bit Jukebox Lite/FightForYourLives.wav using Guid(aff07b1e9489f43388b5344402878dbc) Importer(815301076,1909f56bfc062723c751e8b465ee728b)  -> (artifact id: '40bde6a797a62d46b3da48d4ef19cb41') in 0.015629 seconds 
  Import took 0.023569 seconds .

========================================================================
Received Import Request.
  Time since last request: 0.000596 seconds.
  path: Assets/Cyberleaf Music - The 8-bit Jukebox Lite/TrialOfSpikes.wav
  artifactKey: Guid(1406af93e9de44b879499bb06a2a0579) Importer(815301076,1909f56bfc062723c751e8b465ee728b)
Start importing Assets/Cyberleaf Music - The 8-bit Jukebox Lite/TrialOfSpikes.wav using Guid(1406af93e9de44b879499bb06a2a0579) Importer(815301076,1909f56bfc062723c751e8b465ee728b)  -> (artifact id: '7936d5d93face0e8c60ed0ef05fa4d81') in 0.018771 seconds 
  Import took 0.027668 seconds .

========================================================================
Received Import Request.
  Time since last request: 0.000417 seconds.
  path: Assets/Cyberleaf Music - The 8-bit Jukebox Lite/8BitNinjas.wav
  artifactKey: Guid(c83b804552f5e4deeb1d8118dadd7579) Importer(815301076,1909f56bfc062723c751e8b465ee728b)
Start importing Assets/Cyberleaf Music - The 8-bit Jukebox Lite/8BitNinjas.wav using Guid(c83b804552f5e4deeb1d8118dadd7579) Importer(815301076,1909f56bfc062723c751e8b465ee728b)  -> (artifact id: 'f58580dc07b9f682a003a988b82ab90d') in 0.016546 seconds 
  Import took 0.023070 seconds .

========================================================================
Received Import Request.
  Time since last request: 0.000425 seconds.
  path: Assets/Cyberleaf Music - The 8-bit Jukebox Lite/RadioKid.wav
  artifactKey: Guid(4cc99fa2811994a28943ab9b6ac7b9c7) Importer(815301076,1909f56bfc062723c751e8b465ee728b)
Start importing Assets/Cyberleaf Music - The 8-bit Jukebox Lite/RadioKid.wav using Guid(4cc99fa2811994a28943ab9b6ac7b9c7) Importer(815301076,1909f56bfc062723c751e8b465ee728b)  -> (artifact id: 'e6a8117216b8e5fb9685e43456119f6b') in 0.016787 seconds 
  Import took 0.022879 seconds .

========================================================================
Received Import Request.
  Time since last request: 0.000477 seconds.
  path: Assets/Cyberleaf Music - The 8-bit Jukebox Lite/CaptChipPants.wav
  artifactKey: Guid(a3b78370c9ccc4a799c8d4bef92ec6f7) Importer(815301076,1909f56bfc062723c751e8b465ee728b)
Start importing Assets/Cyberleaf Music - The 8-bit Jukebox Lite/CaptChipPants.wav using Guid(a3b78370c9ccc4a799c8d4bef92ec6f7) Importer(815301076,1909f56bfc062723c751e8b465ee728b)  -> (artifact id: 'a4ae21af005212a1ebe2286122caef07') in 0.016709 seconds 
  Import took 0.023578 seconds .

========================================================================
Received Import Request.
  Time since last request: 0.000375 seconds.
  path: Assets/Audio/ArcadeJam.wav
  artifactKey: Guid(bc91338dd68d541de92e6c857cef3550) Importer(815301076,1909f56bfc062723c751e8b465ee728b)
Start importing Assets/Audio/ArcadeJam.wav using Guid(bc91338dd68d541de92e6c857cef3550) Importer(815301076,1909f56bfc062723c751e8b465ee728b)  -> (artifact id: '0327df6b1eac257da551169b63c0bf58') in 0.017508 seconds 
  Import took 0.024727 seconds .

========================================================================
Received Import Request.
  Time since last request: 0.000459 seconds.
  path: Assets/Cyberleaf Music - The 8-bit Jukebox Lite/TheSourceOfMana.wav
  artifactKey: Guid(472f7cd21e51649568ef6dd402c9a538) Importer(815301076,1909f56bfc062723c751e8b465ee728b)
Start importing Assets/Cyberleaf Music - The 8-bit Jukebox Lite/TheSourceOfMana.wav using Guid(472f7cd21e51649568ef6dd402c9a538) Importer(815301076,1909f56bfc062723c751e8b465ee728b)  -> (artifact id: '5d09a0265a00b823e1e1bf1880a45fc8') in 0.017735 seconds 
  Import took 0.025499 seconds .

========================================================================
Received Import Request.
  Time since last request: 0.000425 seconds.
  path: Assets/Cyberleaf Music - The 8-bit Jukebox Lite/VictoryAtLast.wav
  artifactKey: Guid(f4d80df7ce246462b8453b7852b5d5e2) Importer(815301076,1909f56bfc062723c751e8b465ee728b)
Start importing Assets/Cyberleaf Music - The 8-bit Jukebox Lite/VictoryAtLast.wav using Guid(f4d80df7ce246462b8453b7852b5d5e2) Importer(815301076,1909f56bfc062723c751e8b465ee728b)  -> (artifact id: '7d437b979e2304e503d048a93f29b497') in 0.018015 seconds 
  Import took 0.026529 seconds .

========================================================================
Received Import Request.
  Time since last request: 0.106516 seconds.
  path: Assets/04B_30__.TTF
  artifactKey: Guid(d3d64814906d24f85aa32d77551a4b3b) Importer(815301076,1909f56bfc062723c751e8b465ee728b)
Start importing Assets/04B_30__.TTF using Guid(d3d64814906d24f85aa32d77551a4b3b) Importer(815301076,1909f56bfc062723c751e8b465ee728b)  -> (artifact id: 'd1b5b8b04111bcc0099e4b897ecccbd3') in 2.833033 seconds 
  Import took 2.847598 seconds .

========================================================================
Received Import Request.
  Time since last request: 31.351238 seconds.
  path: Assets/Interactions.cs
  artifactKey: Guid(0b002655b56fc4e15a8f8c988256b28e) Importer(815301076,1909f56bfc062723c751e8b465ee728b)
Start importing Assets/Interactions.cs using Guid(0b002655b56fc4e15a8f8c988256b28e) Importer(815301076,1909f56bfc062723c751e8b465ee728b)  -> (artifact id: 'b7470954d9a33056619fe9849b2266e5') in 1.302823 seconds 
  Import took 1.322673 seconds .

========================================================================
Received Import Request.
  Time since last request: 1145.353985 seconds.
  path: Assets/Sprites/FreePixelFood/Sprite/Food/Apple.png
  artifactKey: Guid(61d01e8616313344b978a6518fd86ed6) Importer(815301076,1909f56bfc062723c751e8b465ee728b)
Start importing Assets/Sprites/FreePixelFood/Sprite/Food/Apple.png using Guid(61d01e8616313344b978a6518fd86ed6) Importer(815301076,1909f56bfc062723c751e8b465ee728b)  -> (artifact id: '461196c5702eea7495f2193615718f72') in 1.728430 seconds 
  Import took 1.781625 seconds .

========================================================================
Received Import Request.
  Time since last request: 0.000614 seconds.
  path: Assets/Sprites/FreePixelFood/Sprite/Food/Avocado.png
  artifactKey: Guid(2d996a9f7524c354585e081fdf1c9ada) Importer(815301076,1909f56bfc062723c751e8b465ee728b)
Start importing Assets/Sprites/FreePixelFood/Sprite/Food/Avocado.png using Guid(2d996a9f7524c354585e081fdf1c9ada) Importer(815301076,1909f56bfc062723c751e8b465ee728b)  -> (artifact id: 'be3de6436caacab1c4a1f975f25dade2') in 0.018426 seconds 
  Import took 0.026539 seconds .

========================================================================
Received Import Request.
  Time since last request: 0.001461 seconds.
  path: Assets/Sprites/FreePixelFood/Sprite/Food.png
  artifactKey: Guid(142ff8784e552734f9d6a895491d0ae8) Importer(815301076,1909f56bfc062723c751e8b465ee728b)
Start importing Assets/Sprites/FreePixelFood/Sprite/Food.png using Guid(142ff8784e552734f9d6a895491d0ae8) Importer(815301076,1909f56bfc062723c751e8b465ee728b)  -> (artifact id: '6a993933e39e28167b36bb38dbc05a42') in 0.362768 seconds 
  Import took 0.371661 seconds .

========================================================================
Received Import Request.
  Time since last request: 0.003370 seconds.
  path: Assets/Sprites/FreePixelFood/Sprite/Food/AppleWorm.png
  artifactKey: Guid(8fa37c2c8b9bd654c96a4fae10f387a1) Importer(815301076,1909f56bfc062723c751e8b465ee728b)
Start importing Assets/Sprites/FreePixelFood/Sprite/Food/AppleWorm.png using Guid(8fa37c2c8b9bd654c96a4fae10f387a1) Importer(815301076,1909f56bfc062723c751e8b465ee728b)  -> (artifact id: 'd5f72e5f22eaead15338e405a22cdfca') in 0.025835 seconds 
  Import took 0.059644 seconds .

========================================================================
Received Import Request.
  Time since last request: 0.067153 seconds.
  path: Assets/Sprites/PixelArtInteriorAssets/build_mode.png
  artifactKey: Guid(8d4943d318a75e24cad3028c6a0b54ae) Importer(815301076,1909f56bfc062723c751e8b465ee728b)
Start importing Assets/Sprites/PixelArtInteriorAssets/build_mode.png using Guid(8d4943d318a75e24cad3028c6a0b54ae) Importer(815301076,1909f56bfc062723c751e8b465ee728b)  -> (artifact id: '6b113c1f7d876ff6b9d3c7d6e5a85f38') in 0.814303 seconds 
  Import took 0.823073 seconds .

========================================================================
Received Import Request.
  Time since last request: 0.000995 seconds.
  path: Assets/Sprites/FreePixelFood/Sprite/Food/Brownie.png
  artifactKey: Guid(d183b5f1a5cddc445a9e4277eec9b936) Importer(815301076,1909f56bfc062723c751e8b465ee728b)
Start importing Assets/Sprites/FreePixelFood/Sprite/Food/Brownie.png using Guid(d183b5f1a5cddc445a9e4277eec9b936) Importer(815301076,1909f56bfc062723c751e8b465ee728b)  -> (artifact id: '6831bc93edb972ecb64138f0488f0b85') in 0.018867 seconds 
  Import took 0.030124 seconds .

========================================================================
Received Import Request.
  Time since last request: 0.002421 seconds.
  path: Assets/Sprites/FreePixelFood/Sprite/Food/Beer.png
  artifactKey: Guid(e0a7fb47c7111464f866363e7a3f47da) Importer(815301076,1909f56bfc062723c751e8b465ee728b)
Start importing Assets/Sprites/FreePixelFood/Sprite/Food/Beer.png using Guid(e0a7fb47c7111464f866363e7a3f47da) Importer(815301076,1909f56bfc062723c751e8b465ee728b)  -> (artifact id: 'aaeb5e0f50c5a626cdfad88435d177e5') in 0.025127 seconds 
  Import took 0.038384 seconds .

========================================================================
Received Import Request.
  Time since last request: 0.000669 seconds.
  path: Assets/Sprites/FreePixelFood/Sprite/Food/Bacon.png
  artifactKey: Guid(0b9e159b363a1ff4f8982693963e393d) Importer(815301076,1909f56bfc062723c751e8b465ee728b)
Start importing Assets/Sprites/FreePixelFood/Sprite/Food/Bacon.png using Guid(0b9e159b363a1ff4f8982693963e393d) Importer(815301076,1909f56bfc062723c751e8b465ee728b)  -> (artifact id: '03df4e9011519a30d1f050f220aad33a') in 0.027367 seconds 
  Import took 0.046845 seconds .

========================================================================
Received Import Request.
  Time since last request: 0.001398 seconds.
  path: Assets/Sprites/FreePixelFood/Sprite/Food/Boar.png
  artifactKey: Guid(d139b48a372802a42b221ad4a1f80911) Importer(815301076,1909f56bfc062723c751e8b465ee728b)
Start importing Assets/Sprites/FreePixelFood/Sprite/Food/Boar.png using Guid(d139b48a372802a42b221ad4a1f80911) Importer(815301076,1909f56bfc062723c751e8b465ee728b)  -> (artifact id: '63bcd08d720e629428f4622b76d61bb8') in 0.027028 seconds 
  Import took 0.036375 seconds .

========================================================================
Received Import Request.
  Time since last request: 0.001952 seconds.
  path: Assets/Sprites/FreePixelFood/Sprite/Food/Bread.png
  artifactKey: Guid(c728868677dfad541b6543a1f2aec055) Importer(815301076,1909f56bfc062723c751e8b465ee728b)
Start importing Assets/Sprites/FreePixelFood/Sprite/Food/Bread.png using Guid(c728868677dfad541b6543a1f2aec055) Importer(815301076,1909f56bfc062723c751e8b465ee728b)  -> (artifact id: '672c16491106e3e60a571d036a7d41cb') in 0.021893 seconds 
  Import took 0.040243 seconds .

========================================================================
Received Import Request.
  Time since last request: 0.000591 seconds.
  path: Assets/Sprites/FreePixelFood/Sprite/Food/Bug.png
  artifactKey: Guid(4043a37a958048f4a9402cf4f7c6157f) Importer(815301076,1909f56bfc062723c751e8b465ee728b)
Start importing Assets/Sprites/FreePixelFood/Sprite/Food/Bug.png using Guid(4043a37a958048f4a9402cf4f7c6157f) Importer(815301076,1909f56bfc062723c751e8b465ee728b)  -> (artifact id: '7d510bd585eda0a5a6ab7cd66c655ddc') in 0.028439 seconds 
  Import took 0.046304 seconds .

========================================================================
Received Prepare
Registering precompiled user dll's ...
Registered in 0.011116 seconds.
Begin MonoManager ReloadAssembly
Native extension for OSXStandalone target not found
Native extension for WebGL target not found
Refreshing native plugins compatible for Editor in 0.78 ms, found 3 plugins.
Preloading 0 native plugins for Editor in 0.00 ms.
Mono: successfully reloaded assembly
- Completed reload, in  2.104 seconds
Domain Reload Profiling:
	ReloadAssembly (2106ms)
		BeginReloadAssembly (302ms)
			ExecutionOrderSort (0ms)
			DisableScriptedObjects (15ms)
			BackupInstance (0ms)
			ReleaseScriptingObjects (0ms)
			CreateAndSetChildDomain (185ms)
		EndReloadAssembly (1676ms)
			LoadAssemblies (162ms)
			RebuildTransferFunctionScriptingTraits (0ms)
			SetupTypeCache (647ms)
			ReleaseScriptCaches (1ms)
			RebuildScriptCaches (83ms)
			SetupLoadedEditorAssemblies (563ms)
				LogAssemblyErrors (0ms)
				InitializePlatformSupportModulesInManaged (8ms)
				SetLoadedEditorAssemblies (2ms)
				RefreshPlugins (1ms)
				BeforeProcessingInitializeOnLoad (192ms)
				ProcessInitializeOnLoadAttributes (340ms)
				ProcessInitializeOnLoadMethodAttributes (18ms)
				AfterProcessingInitializeOnLoad (2ms)
				EditorAssembliesLoaded (0ms)
			ExecutionOrderSort2 (0ms)
			AwakeInstancesAfterBackupRestoration (15ms)
Platform modules already initialized, skipping
Refreshing native plugins compatible for Editor in 0.60 ms, found 3 plugins.
Preloading 0 native plugins for Editor in 0.00 ms.
Unloading 2229 Unused Serialized files (Serialized files now loaded: 0)
System memory in use before: 212.7 MB.
System memory in use after: 212.9 MB.

Unloading 18 unused Assets to reduce memory usage. Loaded Objects now: 2837.
Total: 4.209452 ms (FindLiveObjects: 0.295635 ms CreateObjectMapping: 0.116130 ms MarkObjects: 3.755614 ms  DeleteObjects: 0.040472 ms)

AssetImportParameters requested are different than current active one (requested -> active):
  custom:video-decoder-ogg-theora: a1e56fd34408186e4bbccfd4996cb3dc -> 
  custom:container-muxer-webm: aa71ff27fc2769a1b78a27578f13a17b -> 
  custom:container-demuxer-webm: 4f35f7cbe854078d1ac9338744f61a02 -> 
  custom:container-demuxer-ogg: 62fdf1f143b41e24485cea50d1cbac27 -> 
  custom:video-encoder-webm-vp8: eb34c28f22e8b96e1ab97ce403110664 -> 
  custom:framework-osx-AVFoundation: e770b220cccbd017edd2c1fefb359320 -> 
  custom:video-decoder-webm-vp8: 9c59270c3fd7afecdb556c50c9e8de78 -> 
  custom:audio-decoder-ogg-vorbis: bf7c407c2cedff20999df2af8eb42d56 -> 
  custom:audio-encoder-webm-vorbis: bf7c407c2cedff20999df2af8eb42d56 -> 
========================================================================
Received Import Request.
  Time since last request: 952.855629 seconds.
  path: Assets/TextMesh Pro/Examples & Extras/Resources/Fonts & Materials/Anton SDF.asset
  artifactKey: Guid(8a89fa14b10d46a99122fd4f73fca9a2) Importer(815301076,1909f56bfc062723c751e8b465ee728b)
Start importing Assets/TextMesh Pro/Examples & Extras/Resources/Fonts & Materials/Anton SDF.asset using Guid(8a89fa14b10d46a99122fd4f73fca9a2) Importer(815301076,1909f56bfc062723c751e8b465ee728b)  -> (artifact id: '33b29e2b9a60a2b673b71e86bc7f3a07') in 1.990474 seconds 
  Import took 2.009197 seconds .

========================================================================
Received Import Request.
  Time since last request: 0.000518 seconds.
  path: Assets/TextMesh Pro/Examples & Extras/Resources/Fonts & Materials/Electronic Highway Sign SDF.asset
  artifactKey: Guid(dc36b3fdc14f47ebb36fd484a67e268a) Importer(815301076,1909f56bfc062723c751e8b465ee728b)
Start importing Assets/TextMesh Pro/Examples & Extras/Resources/Fonts & Materials/Electronic Highway Sign SDF.asset using Guid(dc36b3fdc14f47ebb36fd484a67e268a) Importer(815301076,1909f56bfc062723c751e8b465ee728b)  -> (artifact id: 'bdad7408f2e0e23c6d3a7b4e0d5bdb40') in 0.055783 seconds 
  Import took 0.080399 seconds .

========================================================================
Received Import Request.
  Time since last request: 0.001451 seconds.
  path: Assets/TextMesh Pro/Examples & Extras/Resources/Fonts & Materials/Bangers SDF.asset
  artifactKey: Guid(125cb55b44b24c4393181402bc6200e6) Importer(815301076,1909f56bfc062723c751e8b465ee728b)
Start importing Assets/TextMesh Pro/Examples & Extras/Resources/Fonts & Materials/Bangers SDF.asset using Guid(125cb55b44b24c4393181402bc6200e6) Importer(815301076,1909f56bfc062723c751e8b465ee728b)  -> (artifact id: 'b5958d2820a67f9edc6fc1d86432151f') in 0.028557 seconds 
  Import took 0.037829 seconds .

========================================================================
Received Import Request.
  Time since last request: 0.000331 seconds.
  path: Assets/TextMesh Pro/Resources/Fonts & Materials/LiberationSans SDF - Fallback.asset
  artifactKey: Guid(2e498d1c8094910479dc3e1b768306a4) Importer(815301076,1909f56bfc062723c751e8b465ee728b)
Start importing Assets/TextMesh Pro/Resources/Fonts & Materials/LiberationSans SDF - Fallback.asset using Guid(2e498d1c8094910479dc3e1b768306a4) Importer(815301076,1909f56bfc062723c751e8b465ee728b)  -> (artifact id: '824048c16fe023a8029ad6b289255227') in 0.032982 seconds 
  Import took 0.060360 seconds .

========================================================================
Received Import Request.
  Time since last request: 0.000737 seconds.
  path: Assets/TextMesh Pro/Examples & Extras/Resources/Fonts & Materials/Roboto-Bold SDF.asset
  artifactKey: Guid(5302535af1044152a457ed104f1f4b91) Importer(815301076,1909f56bfc062723c751e8b465ee728b)
Start importing Assets/TextMesh Pro/Examples & Extras/Resources/Fonts & Materials/Roboto-Bold SDF.asset using Guid(5302535af1044152a457ed104f1f4b91) Importer(815301076,1909f56bfc062723c751e8b465ee728b)  -> (artifact id: 'a8a0299eb9cd445b44095469432799da') in 0.045850 seconds 
  Import took 0.067013 seconds .

========================================================================
Received Import Request.
  Time since last request: 0.000480 seconds.
  path: Assets/TextMesh Pro/Examples & Extras/Resources/Fonts & Materials/Oswald Bold SDF.asset
  artifactKey: Guid(0161d805a3764c089bef00bfe00793f5) Importer(815301076,1909f56bfc062723c751e8b465ee728b)
Start importing Assets/TextMesh Pro/Examples & Extras/Resources/Fonts & Materials/Oswald Bold SDF.asset using Guid(0161d805a3764c089bef00bfe00793f5) Importer(815301076,1909f56bfc062723c751e8b465ee728b)  -> (artifact id: 'dd08c7f2a035dff188fda034a9469734') in 0.056166 seconds 
  Import took 0.065616 seconds .

========================================================================
Received Import Request.
  Time since last request: 210.797037 seconds.
  path: Assets/TextMesh Pro/Examples & Extras/Fonts/Anton.ttf
  artifactKey: Guid(997a43b767814dd0a7642ec9b78cba41) Importer(815301076,1909f56bfc062723c751e8b465ee728b)
Start importing Assets/TextMesh Pro/Examples & Extras/Fonts/Anton.ttf using Guid(997a43b767814dd0a7642ec9b78cba41) Importer(815301076,1909f56bfc062723c751e8b465ee728b)  -> (artifact id: 'ea9cbf4e9058b0c6de06b1705198fbb1') in 2.901820 seconds 
  Import took 2.918344 seconds .

========================================================================
Received Prepare
Registering precompiled user dll's ...
Registered in 0.028400 seconds.
Begin MonoManager ReloadAssembly
Native extension for OSXStandalone target not found
Native extension for WebGL target not found
Refreshing native plugins compatible for Editor in 0.97 ms, found 3 plugins.
Preloading 0 native plugins for Editor in 0.00 ms.
Mono: successfully reloaded assembly
- Completed reload, in  3.619 seconds
Domain Reload Profiling:
	ReloadAssembly (3620ms)
		BeginReloadAssembly (333ms)
			ExecutionOrderSort (0ms)
			DisableScriptedObjects (17ms)
			BackupInstance (0ms)
			ReleaseScriptingObjects (0ms)
			CreateAndSetChildDomain (193ms)
		EndReloadAssembly (3102ms)
			LoadAssemblies (174ms)
			RebuildTransferFunctionScriptingTraits (0ms)
			SetupTypeCache (1350ms)
			ReleaseScriptCaches (2ms)
			RebuildScriptCaches (150ms)
			SetupLoadedEditorAssemblies (933ms)
				LogAssemblyErrors (0ms)
				InitializePlatformSupportModulesInManaged (11ms)
				SetLoadedEditorAssemblies (2ms)
				RefreshPlugins (1ms)
				BeforeProcessingInitializeOnLoad (306ms)
				ProcessInitializeOnLoadAttributes (582ms)
				ProcessInitializeOnLoadMethodAttributes (27ms)
				AfterProcessingInitializeOnLoad (4ms)
				EditorAssembliesLoaded (0ms)
			ExecutionOrderSort2 (0ms)
			AwakeInstancesAfterBackupRestoration (33ms)
Platform modules already initialized, skipping
Refreshing native plugins compatible for Editor in 0.61 ms, found 3 plugins.
Preloading 0 native plugins for Editor in 0.00 ms.
Unloading 2229 Unused Serialized files (Serialized files now loaded: 0)
System memory in use before: 221.3 MB.
System memory in use after: 221.6 MB.

Unloading 17 unused Assets to reduce memory usage. Loaded Objects now: 2841.
Total: 6.425246 ms (FindLiveObjects: 0.503414 ms CreateObjectMapping: 0.265846 ms MarkObjects: 5.617400 ms  DeleteObjects: 0.036803 ms)

AssetImportParameters requested are different than current active one (requested -> active):
  custom:video-decoder-ogg-theora: a1e56fd34408186e4bbccfd4996cb3dc -> 
  custom:container-muxer-webm: aa71ff27fc2769a1b78a27578f13a17b -> 
  custom:container-demuxer-webm: 4f35f7cbe854078d1ac9338744f61a02 -> 
  custom:container-demuxer-ogg: 62fdf1f143b41e24485cea50d1cbac27 -> 
  custom:video-encoder-webm-vp8: eb34c28f22e8b96e1ab97ce403110664 -> 
  custom:framework-osx-AVFoundation: e770b220cccbd017edd2c1fefb359320 -> 
  custom:video-decoder-webm-vp8: 9c59270c3fd7afecdb556c50c9e8de78 -> 
  custom:audio-decoder-ogg-vorbis: bf7c407c2cedff20999df2af8eb42d56 -> 
  custom:audio-encoder-webm-vorbis: bf7c407c2cedff20999df2af8eb42d56 -> 
========================================================================
Received Prepare
Registering precompiled user dll's ...
Registered in 0.003555 seconds.
Begin MonoManager ReloadAssembly
Native extension for OSXStandalone target not found
Native extension for WebGL target not found
Refreshing native plugins compatible for Editor in 0.80 ms, found 3 plugins.
Preloading 0 native plugins for Editor in 0.00 ms.
Mono: successfully reloaded assembly
- Completed reload, in  2.280 seconds
Domain Reload Profiling:
	ReloadAssembly (2281ms)
		BeginReloadAssembly (253ms)
			ExecutionOrderSort (0ms)
			DisableScriptedObjects (12ms)
			BackupInstance (0ms)
			ReleaseScriptingObjects (0ms)
			CreateAndSetChildDomain (147ms)
		EndReloadAssembly (1914ms)
			LoadAssemblies (141ms)
			RebuildTransferFunctionScriptingTraits (0ms)
			SetupTypeCache (855ms)
			ReleaseScriptCaches (1ms)
			RebuildScriptCaches (90ms)
			SetupLoadedEditorAssemblies (601ms)
				LogAssemblyErrors (0ms)
				InitializePlatformSupportModulesInManaged (10ms)
				SetLoadedEditorAssemblies (1ms)
				RefreshPlugins (1ms)
				BeforeProcessingInitializeOnLoad (222ms)
				ProcessInitializeOnLoadAttributes (349ms)
				ProcessInitializeOnLoadMethodAttributes (16ms)
				AfterProcessingInitializeOnLoad (2ms)
				EditorAssembliesLoaded (0ms)
			ExecutionOrderSort2 (0ms)
			AwakeInstancesAfterBackupRestoration (14ms)
Platform modules already initialized, skipping
Refreshing native plugins compatible for Editor in 0.57 ms, found 3 plugins.
Preloading 0 native plugins for Editor in 0.00 ms.
Unloading 2229 Unused Serialized files (Serialized files now loaded: 0)
System memory in use before: 221.3 MB.
System memory in use after: 221.6 MB.

Unloading 17 unused Assets to reduce memory usage. Loaded Objects now: 2843.
Total: 4.059901 ms (FindLiveObjects: 0.206178 ms CreateObjectMapping: 0.102814 ms MarkObjects: 3.727223 ms  DeleteObjects: 0.022261 ms)

AssetImportParameters requested are different than current active one (requested -> active):
  custom:video-decoder-ogg-theora: a1e56fd34408186e4bbccfd4996cb3dc -> 
  custom:container-muxer-webm: aa71ff27fc2769a1b78a27578f13a17b -> 
  custom:container-demuxer-webm: 4f35f7cbe854078d1ac9338744f61a02 -> 
  custom:container-demuxer-ogg: 62fdf1f143b41e24485cea50d1cbac27 -> 
  custom:video-encoder-webm-vp8: eb34c28f22e8b96e1ab97ce403110664 -> 
  custom:framework-osx-AVFoundation: e770b220cccbd017edd2c1fefb359320 -> 
  custom:video-decoder-webm-vp8: 9c59270c3fd7afecdb556c50c9e8de78 -> 
  custom:audio-decoder-ogg-vorbis: bf7c407c2cedff20999df2af8eb42d56 -> 
  custom:audio-encoder-webm-vorbis: bf7c407c2cedff20999df2af8eb42d56 -> 
========================================================================
Received Import Request.
  Time since last request: 377.151140 seconds.
  path: Assets/TextMesh Pro/Examples & Extras/Resources/Fonts & Materials/Electronic Highway Sign SDF.asset
  artifactKey: Guid(dc36b3fdc14f47ebb36fd484a67e268a) Importer(815301076,1909f56bfc062723c751e8b465ee728b)
Start importing Assets/TextMesh Pro/Examples & Extras/Resources/Fonts & Materials/Electronic Highway Sign SDF.asset using Guid(dc36b3fdc14f47ebb36fd484a67e268a) Importer(815301076,1909f56bfc062723c751e8b465ee728b)  -> (artifact id: 'bf9010b48b916c5b75a73506d0568a27') in 0.226370 seconds 
  Import took 0.235462 seconds .

========================================================================
Received Import Request.
  Time since last request: 28.819383 seconds.
  path: Assets/TextMesh Pro/Fonts/LiberationSans.ttf
  artifactKey: Guid(e3265ab4bf004d28a9537516768c1c75) Importer(815301076,1909f56bfc062723c751e8b465ee728b)
Start importing Assets/TextMesh Pro/Fonts/LiberationSans.ttf using Guid(e3265ab4bf004d28a9537516768c1c75) Importer(815301076,1909f56bfc062723c751e8b465ee728b)  -> (artifact id: '5120fc50d30b664d098b7987096d7454') in 0.029261 seconds 
  Import took 0.037166 seconds .

========================================================================
Received Import Request.
  Time since last request: 26.654472 seconds.
  path: Assets/TextMesh Pro/Examples & Extras/Fonts/Bangers.ttf
  artifactKey: Guid(5dd49b3eacc540408c98eee0de38e0f1) Importer(815301076,1909f56bfc062723c751e8b465ee728b)
Start importing Assets/TextMesh Pro/Examples & Extras/Fonts/Bangers.ttf using Guid(5dd49b3eacc540408c98eee0de38e0f1) Importer(815301076,1909f56bfc062723c751e8b465ee728b)  -> (artifact id: '073ce383465ba52375917df974051475') in 0.023041 seconds 
  Import took 0.031173 seconds .

========================================================================
Received Import Request.
  Time since last request: 0.000324 seconds.
  path: Assets/TextMesh Pro/Examples & Extras/Fonts/Oswald-Bold.ttf
  artifactKey: Guid(c9f6d0e7bc8541498c9a4799ba184ede) Importer(815301076,1909f56bfc062723c751e8b465ee728b)
Start importing Assets/TextMesh Pro/Examples & Extras/Fonts/Oswald-Bold.ttf using Guid(c9f6d0e7bc8541498c9a4799ba184ede) Importer(815301076,1909f56bfc062723c751e8b465ee728b)  -> (artifact id: '0600e8d01846fa54dde6a4fa8228634c') in 0.027506 seconds 
  Import took 0.038953 seconds .

========================================================================
Received Import Request.
  Time since last request: 0.000400 seconds.
  path: Assets/TextMesh Pro/Examples & Extras/Fonts/Roboto-Bold.ttf
  artifactKey: Guid(4beb055f07aaff244873dec698d0363e) Importer(815301076,1909f56bfc062723c751e8b465ee728b)
Start importing Assets/TextMesh Pro/Examples & Extras/Fonts/Roboto-Bold.ttf using Guid(4beb055f07aaff244873dec698d0363e) Importer(815301076,1909f56bfc062723c751e8b465ee728b)  -> (artifact id: '66d2852cebc27863975856ac9435f156') in 0.026159 seconds 
  Import took 0.040774 seconds .

========================================================================
Received Import Request.
  Time since last request: 0.000651 seconds.
  path: Assets/TextMesh Pro/Examples & Extras/Fonts/Electronic Highway Sign.TTF
  artifactKey: Guid(8a2b9e2a607dd2143b58c44bc32410b4) Importer(815301076,1909f56bfc062723c751e8b465ee728b)
Start importing Assets/TextMesh Pro/Examples & Extras/Fonts/Electronic Highway Sign.TTF using Guid(8a2b9e2a607dd2143b58c44bc32410b4) Importer(815301076,1909f56bfc062723c751e8b465ee728b)  -> (artifact id: 'ac8f6a6f7d487545d0a9b638ac205b3e') in 0.023876 seconds 
  Import took 0.032714 seconds .

========================================================================
Received Import Request.
  Time since last request: 134.876195 seconds.
  path: Assets/TextMesh Pro/Resources/Fonts & Materials/LiberationSans SDF - Fallback.asset
  artifactKey: Guid(2e498d1c8094910479dc3e1b768306a4) Importer(815301076,1909f56bfc062723c751e8b465ee728b)
Start importing Assets/TextMesh Pro/Resources/Fonts & Materials/LiberationSans SDF - Fallback.asset using Guid(2e498d1c8094910479dc3e1b768306a4) Importer(815301076,1909f56bfc062723c751e8b465ee728b)  -> (artifact id: '38e556d89fa8b2dd8390ab5f64a3c49e') in 0.042115 seconds 
  Import took 0.054433 seconds .

========================================================================
Received Import Request.
  Time since last request: 1.412073 seconds.
  path: Assets/TextMesh Pro/Examples & Extras/Resources/Fonts & Materials/Anton SDF.asset
  artifactKey: Guid(8a89fa14b10d46a99122fd4f73fca9a2) Importer(815301076,1909f56bfc062723c751e8b465ee728b)
Start importing Assets/TextMesh Pro/Examples & Extras/Resources/Fonts & Materials/Anton SDF.asset using Guid(8a89fa14b10d46a99122fd4f73fca9a2) Importer(815301076,1909f56bfc062723c751e8b465ee728b)  -> (artifact id: '2d5f5ffac37eb0bd28670b86f932e894') in 0.043020 seconds 
  Import took 0.056089 seconds .

========================================================================
Received Import Request.
  Time since last request: 0.000743 seconds.
  path: Assets/TextMesh Pro/Examples & Extras/Resources/Fonts & Materials/Electronic Highway Sign SDF.asset
  artifactKey: Guid(dc36b3fdc14f47ebb36fd484a67e268a) Importer(815301076,1909f56bfc062723c751e8b465ee728b)
Start importing Assets/TextMesh Pro/Examples & Extras/Resources/Fonts & Materials/Electronic Highway Sign SDF.asset using Guid(dc36b3fdc14f47ebb36fd484a67e268a) Importer(815301076,1909f56bfc062723c751e8b465ee728b)  -> (artifact id: '74c3d78417273e31fa2159b332f1024e') in 0.061677 seconds 
  Import took 0.071511 seconds .

========================================================================
Received Import Request.
  Time since last request: 0.000387 seconds.
  path: Assets/TextMesh Pro/Examples & Extras/Resources/Fonts & Materials/Bangers SDF.asset
  artifactKey: Guid(125cb55b44b24c4393181402bc6200e6) Importer(815301076,1909f56bfc062723c751e8b465ee728b)
Start importing Assets/TextMesh Pro/Examples & Extras/Resources/Fonts & Materials/Bangers SDF.asset using Guid(125cb55b44b24c4393181402bc6200e6) Importer(815301076,1909f56bfc062723c751e8b465ee728b)  -> (artifact id: '811a237f04bb4bc9725145afc3398a82') in 0.036277 seconds 
  Import took 0.043714 seconds .

========================================================================
Received Import Request.
  Time since last request: 0.000412 seconds.
  path: Assets/TextMesh Pro/Examples & Extras/Resources/Fonts & Materials/Roboto-Bold SDF.asset
  artifactKey: Guid(5302535af1044152a457ed104f1f4b91) Importer(815301076,1909f56bfc062723c751e8b465ee728b)
Start importing Assets/TextMesh Pro/Examples & Extras/Resources/Fonts & Materials/Roboto-Bold SDF.asset using Guid(5302535af1044152a457ed104f1f4b91) Importer(815301076,1909f56bfc062723c751e8b465ee728b)  -> (artifact id: 'f341defc8b28b308b81c3462c233e989') in 0.036291 seconds 
  Import took 0.042166 seconds .

========================================================================
Received Import Request.
  Time since last request: 0.000389 seconds.
  path: Assets/TextMesh Pro/Examples & Extras/Resources/Fonts & Materials/Oswald Bold SDF.asset
  artifactKey: Guid(0161d805a3764c089bef00bfe00793f5) Importer(815301076,1909f56bfc062723c751e8b465ee728b)
Start importing Assets/TextMesh Pro/Examples & Extras/Resources/Fonts & Materials/Oswald Bold SDF.asset using Guid(0161d805a3764c089bef00bfe00793f5) Importer(815301076,1909f56bfc062723c751e8b465ee728b)  -> (artifact id: '5a3dff8b9c1af608d155d9ff1a9a83c5') in 0.033940 seconds 
  Import took 0.039966 seconds .

========================================================================
Received Import Request.
  Time since last request: 76.648905 seconds.
  path: Assets/TextMesh Pro/Fonts/04B_30__ SDF.asset
  artifactKey: Guid(01c4e6193862c49b0baf35a42840139c) Importer(815301076,1909f56bfc062723c751e8b465ee728b)
Start importing Assets/TextMesh Pro/Fonts/04B_30__ SDF.asset using Guid(01c4e6193862c49b0baf35a42840139c) Importer(815301076,1909f56bfc062723c751e8b465ee728b)  -> (artifact id: 'bbe2582069beda23ba58c5b78e1b1537') in 0.035257 seconds 
  Import took 0.043115 seconds .

========================================================================
Received Prepare
Registering precompiled user dll's ...
Registered in 0.012815 seconds.
Begin MonoManager ReloadAssembly
Native extension for OSXStandalone target not found
Native extension for WebGL target not found
Refreshing native plugins compatible for Editor in 0.77 ms, found 3 plugins.
Preloading 0 native plugins for Editor in 0.00 ms.
Mono: successfully reloaded assembly
- Completed reload, in  2.077 seconds
Domain Reload Profiling:
	ReloadAssembly (2078ms)
		BeginReloadAssembly (219ms)
			ExecutionOrderSort (0ms)
			DisableScriptedObjects (13ms)
			BackupInstance (0ms)
			ReleaseScriptingObjects (0ms)
			CreateAndSetChildDomain (119ms)
		EndReloadAssembly (1730ms)
			LoadAssemblies (234ms)
			RebuildTransferFunctionScriptingTraits (0ms)
			SetupTypeCache (626ms)
			ReleaseScriptCaches (1ms)
			RebuildScriptCaches (78ms)
			SetupLoadedEditorAssemblies (583ms)
				LogAssemblyErrors (0ms)
				InitializePlatformSupportModulesInManaged (8ms)
				SetLoadedEditorAssemblies (1ms)
				RefreshPlugins (1ms)
				BeforeProcessingInitializeOnLoad (177ms)
				ProcessInitializeOnLoadAttributes (358ms)
				ProcessInitializeOnLoadMethodAttributes (33ms)
				AfterProcessingInitializeOnLoad (3ms)
				EditorAssembliesLoaded (1ms)
			ExecutionOrderSort2 (0ms)
			AwakeInstancesAfterBackupRestoration (24ms)
Platform modules already initialized, skipping
Refreshing native plugins compatible for Editor in 0.61 ms, found 3 plugins.
Preloading 0 native plugins for Editor in 0.00 ms.
Unloading 2229 Unused Serialized files (Serialized files now loaded: 0)
System memory in use before: 221.8 MB.
System memory in use after: 222.0 MB.

Unloading 17 unused Assets to reduce memory usage. Loaded Objects now: 2847.
Total: 6.086164 ms (FindLiveObjects: 0.348935 ms CreateObjectMapping: 0.201714 ms MarkObjects: 5.502657 ms  DeleteObjects: 0.031041 ms)

AssetImportParameters requested are different than current active one (requested -> active):
  custom:video-decoder-ogg-theora: a1e56fd34408186e4bbccfd4996cb3dc -> 
  custom:container-muxer-webm: aa71ff27fc2769a1b78a27578f13a17b -> 
  custom:container-demuxer-webm: 4f35f7cbe854078d1ac9338744f61a02 -> 
  custom:container-demuxer-ogg: 62fdf1f143b41e24485cea50d1cbac27 -> 
  custom:video-encoder-webm-vp8: eb34c28f22e8b96e1ab97ce403110664 -> 
  custom:framework-osx-AVFoundation: e770b220cccbd017edd2c1fefb359320 -> 
  custom:video-decoder-webm-vp8: 9c59270c3fd7afecdb556c50c9e8de78 -> 
  custom:audio-decoder-ogg-vorbis: bf7c407c2cedff20999df2af8eb42d56 -> 
  custom:audio-encoder-webm-vorbis: bf7c407c2cedff20999df2af8eb42d56 -> 
========================================================================
Received Prepare
Registering precompiled user dll's ...
Registered in 0.006336 seconds.
Begin MonoManager ReloadAssembly
Native extension for OSXStandalone target not found
Native extension for WebGL target not found
Refreshing native plugins compatible for Editor in 1.62 ms, found 3 plugins.
Preloading 0 native plugins for Editor in 0.00 ms.
Mono: successfully reloaded assembly
- Completed reload, in  2.801 seconds
Domain Reload Profiling:
	ReloadAssembly (2805ms)
		BeginReloadAssembly (316ms)
			ExecutionOrderSort (0ms)
			DisableScriptedObjects (16ms)
			BackupInstance (0ms)
			ReleaseScriptingObjects (0ms)
			CreateAndSetChildDomain (160ms)
		EndReloadAssembly (2310ms)
			LoadAssemblies (194ms)
			RebuildTransferFunctionScriptingTraits (0ms)
			SetupTypeCache (859ms)
			ReleaseScriptCaches (2ms)
			RebuildScriptCaches (148ms)
			SetupLoadedEditorAssemblies (799ms)
				LogAssemblyErrors (0ms)
				InitializePlatformSupportModulesInManaged (14ms)
				SetLoadedEditorAssemblies (1ms)
				RefreshPlugins (2ms)
				BeforeProcessingInitializeOnLoad (331ms)
				ProcessInitializeOnLoadAttributes (431ms)
				ProcessInitializeOnLoadMethodAttributes (17ms)
				AfterProcessingInitializeOnLoad (2ms)
				EditorAssembliesLoaded (0ms)
			ExecutionOrderSort2 (0ms)
			AwakeInstancesAfterBackupRestoration (15ms)
Platform modules already initialized, skipping
Refreshing native plugins compatible for Editor in 1.89 ms, found 3 plugins.
Preloading 0 native plugins for Editor in 0.00 ms.
Unloading 2229 Unused Serialized files (Serialized files now loaded: 0)
System memory in use before: 221.9 MB.
System memory in use after: 222.1 MB.

Unloading 17 unused Assets to reduce memory usage. Loaded Objects now: 2849.
Total: 7.919928 ms (FindLiveObjects: 0.381357 ms CreateObjectMapping: 0.143141 ms MarkObjects: 7.362072 ms  DeleteObjects: 0.031755 ms)

AssetImportParameters requested are different than current active one (requested -> active):
  custom:video-decoder-ogg-theora: a1e56fd34408186e4bbccfd4996cb3dc -> 
  custom:container-muxer-webm: aa71ff27fc2769a1b78a27578f13a17b -> 
  custom:container-demuxer-webm: 4f35f7cbe854078d1ac9338744f61a02 -> 
  custom:container-demuxer-ogg: 62fdf1f143b41e24485cea50d1cbac27 -> 
  custom:video-encoder-webm-vp8: eb34c28f22e8b96e1ab97ce403110664 -> 
  custom:framework-osx-AVFoundation: e770b220cccbd017edd2c1fefb359320 -> 
  custom:video-decoder-webm-vp8: 9c59270c3fd7afecdb556c50c9e8de78 -> 
  custom:audio-decoder-ogg-vorbis: bf7c407c2cedff20999df2af8eb42d56 -> 
  custom:audio-encoder-webm-vorbis: bf7c407c2cedff20999df2af8eb42d56 -> 
========================================================================
Received Prepare
Registering precompiled user dll's ...
Registered in 0.010281 seconds.
Begin MonoManager ReloadAssembly
Native extension for OSXStandalone target not found
Native extension for WebGL target not found
Refreshing native plugins compatible for Editor in 0.78 ms, found 3 plugins.
Preloading 0 native plugins for Editor in 0.00 ms.
Mono: successfully reloaded assembly
- Completed reload, in  2.832 seconds
Domain Reload Profiling:
	ReloadAssembly (2833ms)
		BeginReloadAssembly (324ms)
			ExecutionOrderSort (0ms)
			DisableScriptedObjects (17ms)
			BackupInstance (0ms)
			ReleaseScriptingObjects (0ms)
			CreateAndSetChildDomain (166ms)
		EndReloadAssembly (2338ms)
			LoadAssemblies (228ms)
			RebuildTransferFunctionScriptingTraits (0ms)
			SetupTypeCache (1018ms)
			ReleaseScriptCaches (1ms)
			RebuildScriptCaches (86ms)
			SetupLoadedEditorAssemblies (816ms)
				LogAssemblyErrors (0ms)
				InitializePlatformSupportModulesInManaged (8ms)
				SetLoadedEditorAssemblies (1ms)
				RefreshPlugins (1ms)
				BeforeProcessingInitializeOnLoad (210ms)
				ProcessInitializeOnLoadAttributes (567ms)
				ProcessInitializeOnLoadMethodAttributes (26ms)
				AfterProcessingInitializeOnLoad (2ms)
				EditorAssembliesLoaded (0ms)
			ExecutionOrderSort2 (0ms)
			AwakeInstancesAfterBackupRestoration (21ms)
Platform modules already initialized, skipping
Refreshing native plugins compatible for Editor in 1.05 ms, found 3 plugins.
Preloading 0 native plugins for Editor in 0.00 ms.
Unloading 2229 Unused Serialized files (Serialized files now loaded: 0)
System memory in use before: 222.2 MB.
System memory in use after: 222.4 MB.

Unloading 17 unused Assets to reduce memory usage. Loaded Objects now: 2851.
Total: 7.600524 ms (FindLiveObjects: 0.460555 ms CreateObjectMapping: 0.264760 ms MarkObjects: 6.838536 ms  DeleteObjects: 0.034821 ms)

AssetImportParameters requested are different than current active one (requested -> active):
  custom:video-decoder-ogg-theora: a1e56fd34408186e4bbccfd4996cb3dc -> 
  custom:container-muxer-webm: aa71ff27fc2769a1b78a27578f13a17b -> 
  custom:container-demuxer-webm: 4f35f7cbe854078d1ac9338744f61a02 -> 
  custom:container-demuxer-ogg: 62fdf1f143b41e24485cea50d1cbac27 -> 
  custom:video-encoder-webm-vp8: eb34c28f22e8b96e1ab97ce403110664 -> 
  custom:framework-osx-AVFoundation: e770b220cccbd017edd2c1fefb359320 -> 
  custom:video-decoder-webm-vp8: 9c59270c3fd7afecdb556c50c9e8de78 -> 
  custom:audio-decoder-ogg-vorbis: bf7c407c2cedff20999df2af8eb42d56 -> 
  custom:audio-encoder-webm-vorbis: bf7c407c2cedff20999df2af8eb42d56 -> 
========================================================================
Received Prepare
Registering precompiled user dll's ...
Registered in 0.010099 seconds.
Begin MonoManager ReloadAssembly
Native extension for OSXStandalone target not found
Native extension for WebGL target not found
Refreshing native plugins compatible for Editor in 1.04 ms, found 3 plugins.
Preloading 0 native plugins for Editor in 0.00 ms.
Mono: successfully reloaded assembly
- Completed reload, in  3.227 seconds
Domain Reload Profiling:
	ReloadAssembly (3228ms)
		BeginReloadAssembly (288ms)
			ExecutionOrderSort (0ms)
			DisableScriptedObjects (16ms)
			BackupInstance (0ms)
			ReleaseScriptingObjects (0ms)
			CreateAndSetChildDomain (167ms)
		EndReloadAssembly (2764ms)
			LoadAssemblies (156ms)
			RebuildTransferFunctionScriptingTraits (0ms)
			SetupTypeCache (1101ms)
			ReleaseScriptCaches (2ms)
			RebuildScriptCaches (148ms)
			SetupLoadedEditorAssemblies (931ms)
				LogAssemblyErrors (0ms)
				InitializePlatformSupportModulesInManaged (17ms)
				SetLoadedEditorAssemblies (1ms)
				RefreshPlugins (1ms)
				BeforeProcessingInitializeOnLoad (261ms)
				ProcessInitializeOnLoadAttributes (621ms)
				ProcessInitializeOnLoadMethodAttributes (26ms)
				AfterProcessingInitializeOnLoad (4ms)
				EditorAssembliesLoaded (0ms)
			ExecutionOrderSort2 (0ms)
			AwakeInstancesAfterBackupRestoration (24ms)
Platform modules already initialized, skipping
Refreshing native plugins compatible for Editor in 1.63 ms, found 3 plugins.
Preloading 0 native plugins for Editor in 0.00 ms.
Unloading 2229 Unused Serialized files (Serialized files now loaded: 0)
System memory in use before: 222.4 MB.
System memory in use after: 222.6 MB.

Unloading 17 unused Assets to reduce memory usage. Loaded Objects now: 2853.
Total: 6.921912 ms (FindLiveObjects: 0.531648 ms CreateObjectMapping: 0.234874 ms MarkObjects: 6.118223 ms  DeleteObjects: 0.035219 ms)

AssetImportParameters requested are different than current active one (requested -> active):
  custom:video-decoder-ogg-theora: a1e56fd34408186e4bbccfd4996cb3dc -> 
  custom:container-muxer-webm: aa71ff27fc2769a1b78a27578f13a17b -> 
  custom:container-demuxer-webm: 4f35f7cbe854078d1ac9338744f61a02 -> 
  custom:container-demuxer-ogg: 62fdf1f143b41e24485cea50d1cbac27 -> 
  custom:video-encoder-webm-vp8: eb34c28f22e8b96e1ab97ce403110664 -> 
  custom:framework-osx-AVFoundation: e770b220cccbd017edd2c1fefb359320 -> 
  custom:video-decoder-webm-vp8: 9c59270c3fd7afecdb556c50c9e8de78 -> 
  custom:audio-decoder-ogg-vorbis: bf7c407c2cedff20999df2af8eb42d56 -> 
  custom:audio-encoder-webm-vorbis: bf7c407c2cedff20999df2af8eb42d56 -> 
========================================================================
Received Prepare
Registering precompiled user dll's ...
Registered in 0.007702 seconds.
Begin MonoManager ReloadAssembly
Native extension for OSXStandalone target not found
Native extension for WebGL target not found
Refreshing native plugins compatible for Editor in 1.00 ms, found 3 plugins.
Preloading 0 native plugins for Editor in 0.00 ms.
Mono: successfully reloaded assembly
- Completed reload, in  3.100 seconds
Domain Reload Profiling:
	ReloadAssembly (3101ms)
		BeginReloadAssembly (269ms)
			ExecutionOrderSort (0ms)
			DisableScriptedObjects (16ms)
			BackupInstance (0ms)
			ReleaseScriptingObjects (0ms)
			CreateAndSetChildDomain (149ms)
		EndReloadAssembly (2655ms)
			LoadAssemblies (168ms)
			RebuildTransferFunctionScriptingTraits (0ms)
			SetupTypeCache (979ms)
			ReleaseScriptCaches (5ms)
			RebuildScriptCaches (162ms)
			SetupLoadedEditorAssemblies (966ms)
				LogAssemblyErrors (0ms)
				InitializePlatformSupportModulesInManaged (17ms)
				SetLoadedEditorAssemblies (1ms)
				RefreshPlugins (1ms)
				BeforeProcessingInitializeOnLoad (363ms)
				ProcessInitializeOnLoadAttributes (551ms)
				ProcessInitializeOnLoadMethodAttributes (28ms)
				AfterProcessingInitializeOnLoad (4ms)
				EditorAssembliesLoaded (0ms)
			ExecutionOrderSort2 (0ms)
			AwakeInstancesAfterBackupRestoration (24ms)
Platform modules already initialized, skipping
Refreshing native plugins compatible for Editor in 1.45 ms, found 3 plugins.
Preloading 0 native plugins for Editor in 0.00 ms.
Unloading 2229 Unused Serialized files (Serialized files now loaded: 0)
System memory in use before: 222.6 MB.
System memory in use after: 222.8 MB.

Unloading 17 unused Assets to reduce memory usage. Loaded Objects now: 2855.
Total: 8.168003 ms (FindLiveObjects: 0.491064 ms CreateObjectMapping: 0.298148 ms MarkObjects: 7.340356 ms  DeleteObjects: 0.036522 ms)

AssetImportParameters requested are different than current active one (requested -> active):
  custom:video-decoder-ogg-theora: a1e56fd34408186e4bbccfd4996cb3dc -> 
  custom:container-muxer-webm: aa71ff27fc2769a1b78a27578f13a17b -> 
  custom:container-demuxer-webm: 4f35f7cbe854078d1ac9338744f61a02 -> 
  custom:container-demuxer-ogg: 62fdf1f143b41e24485cea50d1cbac27 -> 
  custom:video-encoder-webm-vp8: eb34c28f22e8b96e1ab97ce403110664 -> 
  custom:framework-osx-AVFoundation: e770b220cccbd017edd2c1fefb359320 -> 
  custom:video-decoder-webm-vp8: 9c59270c3fd7afecdb556c50c9e8de78 -> 
  custom:audio-decoder-ogg-vorbis: bf7c407c2cedff20999df2af8eb42d56 -> 
  custom:audio-encoder-webm-vorbis: bf7c407c2cedff20999df2af8eb42d56 -> 
========================================================================
Received Prepare
Registering precompiled user dll's ...
Registered in 0.004178 seconds.
Begin MonoManager ReloadAssembly
Native extension for OSXStandalone target not found
Native extension for WebGL target not found
Refreshing native plugins compatible for Editor in 1.05 ms, found 3 plugins.
Preloading 0 native plugins for Editor in 0.00 ms.
Mono: successfully reloaded assembly
- Completed reload, in  3.150 seconds
Domain Reload Profiling:
	ReloadAssembly (3150ms)
		BeginReloadAssembly (236ms)
			ExecutionOrderSort (0ms)
			DisableScriptedObjects (17ms)
			BackupInstance (0ms)
			ReleaseScriptingObjects (0ms)
			CreateAndSetChildDomain (132ms)
		EndReloadAssembly (2742ms)
			LoadAssemblies (150ms)
			RebuildTransferFunctionScriptingTraits (0ms)
			SetupTypeCache (1085ms)
			ReleaseScriptCaches (2ms)
			RebuildScriptCaches (203ms)
			SetupLoadedEditorAssemblies (891ms)
				LogAssemblyErrors (0ms)
				InitializePlatformSupportModulesInManaged (13ms)
				SetLoadedEditorAssemblies (2ms)
				RefreshPlugins (1ms)
				BeforeProcessingInitializeOnLoad (296ms)
				ProcessInitializeOnLoadAttributes (552ms)
				ProcessInitializeOnLoadMethodAttributes (23ms)
				AfterProcessingInitializeOnLoad (3ms)
				EditorAssembliesLoaded (0ms)
			ExecutionOrderSort2 (0ms)
			AwakeInstancesAfterBackupRestoration (25ms)
Platform modules already initialized, skipping
Refreshing native plugins compatible for Editor in 1.06 ms, found 3 plugins.
Preloading 0 native plugins for Editor in 0.00 ms.
Unloading 2229 Unused Serialized files (Serialized files now loaded: 0)
System memory in use before: 222.8 MB.
System memory in use after: 223.0 MB.

Unloading 17 unused Assets to reduce memory usage. Loaded Objects now: 2857.
Total: 5.881823 ms (FindLiveObjects: 0.486826 ms CreateObjectMapping: 0.313999 ms MarkObjects: 5.021567 ms  DeleteObjects: 0.057119 ms)

AssetImportParameters requested are different than current active one (requested -> active):
  custom:video-decoder-ogg-theora: a1e56fd34408186e4bbccfd4996cb3dc -> 
  custom:container-muxer-webm: aa71ff27fc2769a1b78a27578f13a17b -> 
  custom:container-demuxer-webm: 4f35f7cbe854078d1ac9338744f61a02 -> 
  custom:container-demuxer-ogg: 62fdf1f143b41e24485cea50d1cbac27 -> 
  custom:video-encoder-webm-vp8: eb34c28f22e8b96e1ab97ce403110664 -> 
  custom:framework-osx-AVFoundation: e770b220cccbd017edd2c1fefb359320 -> 
  custom:video-decoder-webm-vp8: 9c59270c3fd7afecdb556c50c9e8de78 -> 
  custom:audio-decoder-ogg-vorbis: bf7c407c2cedff20999df2af8eb42d56 -> 
  custom:audio-encoder-webm-vorbis: bf7c407c2cedff20999df2af8eb42d56 -> 
========================================================================
Received Prepare
Registering precompiled user dll's ...
Registered in 0.012106 seconds.
Begin MonoManager ReloadAssembly
Native extension for OSXStandalone target not found
Native extension for WebGL target not found
Refreshing native plugins compatible for Editor in 0.68 ms, found 3 plugins.
Preloading 0 native plugins for Editor in 0.00 ms.
Mono: successfully reloaded assembly
- Completed reload, in  2.524 seconds
Domain Reload Profiling:
	ReloadAssembly (2525ms)
		BeginReloadAssembly (345ms)
			ExecutionOrderSort (0ms)
			DisableScriptedObjects (37ms)
			BackupInstance (0ms)
			ReleaseScriptingObjects (0ms)
			CreateAndSetChildDomain (177ms)
		EndReloadAssembly (2051ms)
			LoadAssemblies (193ms)
			RebuildTransferFunctionScriptingTraits (0ms)
			SetupTypeCache (677ms)
			ReleaseScriptCaches (1ms)
			RebuildScriptCaches (80ms)
			SetupLoadedEditorAssemblies (887ms)
				LogAssemblyErrors (0ms)
				InitializePlatformSupportModulesInManaged (8ms)
				SetLoadedEditorAssemblies (1ms)
				RefreshPlugins (1ms)
				BeforeProcessingInitializeOnLoad (290ms)
				ProcessInitializeOnLoadAttributes (559ms)
				ProcessInitializeOnLoadMethodAttributes (26ms)
				AfterProcessingInitializeOnLoad (3ms)
				EditorAssembliesLoaded (0ms)
			ExecutionOrderSort2 (0ms)
			AwakeInstancesAfterBackupRestoration (17ms)
Platform modules already initialized, skipping
Refreshing native plugins compatible for Editor in 0.71 ms, found 3 plugins.
Preloading 0 native plugins for Editor in 0.00 ms.
Unloading 2229 Unused Serialized files (Serialized files now loaded: 0)
System memory in use before: 222.9 MB.
System memory in use after: 223.1 MB.

Unloading 17 unused Assets to reduce memory usage. Loaded Objects now: 2859.
Total: 6.072075 ms (FindLiveObjects: 0.312505 ms CreateObjectMapping: 0.246564 ms MarkObjects: 5.452755 ms  DeleteObjects: 0.058047 ms)

AssetImportParameters requested are different than current active one (requested -> active):
  custom:video-decoder-ogg-theora: a1e56fd34408186e4bbccfd4996cb3dc -> 
  custom:container-muxer-webm: aa71ff27fc2769a1b78a27578f13a17b -> 
  custom:container-demuxer-webm: 4f35f7cbe854078d1ac9338744f61a02 -> 
  custom:container-demuxer-ogg: 62fdf1f143b41e24485cea50d1cbac27 -> 
  custom:video-encoder-webm-vp8: eb34c28f22e8b96e1ab97ce403110664 -> 
  custom:framework-osx-AVFoundation: e770b220cccbd017edd2c1fefb359320 -> 
  custom:video-decoder-webm-vp8: 9c59270c3fd7afecdb556c50c9e8de78 -> 
  custom:audio-decoder-ogg-vorbis: bf7c407c2cedff20999df2af8eb42d56 -> 
  custom:audio-encoder-webm-vorbis: bf7c407c2cedff20999df2af8eb42d56 -> 
