
=== Wed Feb 11 11:17:48 2026

Packages were changed.
Update Mode: updateDependencies

The following packages were added:
  com.unity.ai.navigation@2.0.9
  com.unity.modules.accessibility@1.0.0
  com.unity.multiplayer.center@1.0.0
The following packages were updated:
  com.unity.2d.animation from version 5.0.10 to 12.0.2
  com.unity.2d.pixel-perfect from version 4.0.1 to 5.1.0
  com.unity.2d.psdimporter from version 4.1.3 to 11.0.1
  com.unity.2d.spriteshape from version 5.1.7 to 12.0.1
  com.unity.collab-proxy from version 1.15.7 to 2.10.2
  com.unity.ide.rider from version 2.0.7 to 3.0.38
  com.unity.ide.visualstudio from version 2.0.12 to 2.0.25
  com.unity.test-framework from version 1.1.29 to 1.6.0
  com.unity.timeline from version 1.4.8 to 1.8.9
  com.unity.ugui from version 1.0.0 to 2.0.0
The following packages were removed:
  com.unity.textmeshpro@3.0.6
